<?xml version="1.0" encoding="UTF-8"?>
<coverage generated="1694535050587" clover="3.2.0">
  <project timestamp="1694535050587" name="All files">
    <metrics statements="27" coveredstatements="23" conditionals="0" coveredconditionals="0" methods="8" coveredmethods="4" elements="35" coveredelements="27" complexity="0" loc="27" ncloc="27" packages="2" files="8" classes="8"/>
    <package name="components">
      <metrics statements="20" coveredstatements="18" conditionals="0" coveredconditionals="0" methods="6" coveredmethods="4"/>
      <file name="Constants_StaticData.js" path="D:\Placement_Jivika\projects\Namaste_React\src\components\Constants_StaticData.js">
        <metrics statements="8" coveredstatements="8" conditionals="0" coveredconditionals="0" methods="0" coveredmethods="0"/>
        <line num="4" count="1" type="stmt"/>
        <line num="6" count="1" type="stmt"/>
        <line num="13" count="1" type="stmt"/>
        <line num="17" count="1" type="stmt"/>
        <line num="21" count="1" type="stmt"/>
        <line num="24" count="1" type="stmt"/>
        <line num="26" count="1" type="stmt"/>
        <line num="51" count="1" type="stmt"/>
      </file>
      <file name="Contact.js" path="D:\Placement_Jivika\projects\Namaste_React\src\components\Contact.js">
        <metrics statements="2" coveredstatements="2" conditionals="0" coveredconditionals="0" methods="1" coveredmethods="1"/>
        <line num="1" count="1" type="stmt"/>
        <line num="2" count="2" type="stmt"/>
      </file>
      <file name="Header.js" path="D:\Placement_Jivika\projects\Namaste_React\src\components\Header.js">
        <metrics statements="6" coveredstatements="4" conditionals="0" coveredconditionals="0" methods="3" coveredmethods="1"/>
        <line num="6" count="1" type="stmt"/>
        <line num="9" count="2" type="stmt"/>
        <line num="10" count="1" type="stmt"/>
        <line num="30" count="1" type="stmt"/>
        <line num="32" count="0" type="stmt"/>
        <line num="35" count="0" type="stmt"/>
      </file>
      <file name="RestaurantCard.js" path="D:\Placement_Jivika\projects\Namaste_React\src\components\RestaurantCard.js">
        <metrics statements="2" coveredstatements="2" conditionals="0" coveredconditionals="0" methods="1" coveredmethods="1"/>
        <line num="3" count="1" type="stmt"/>
        <line num="6" count="1" type="stmt"/>
      </file>
      <file name="Sum.js" path="D:\Placement_Jivika\projects\Namaste_React\src\components\Sum.js">
        <metrics statements="2" coveredstatements="2" conditionals="0" coveredconditionals="0" methods="1" coveredmethods="1"/>
        <line num="1" count="1" type="stmt"/>
        <line num="2" count="1" type="stmt"/>
      </file>
    </package>
    <package name="utils">
      <metrics statements="7" coveredstatements="5" conditionals="0" coveredconditionals="0" methods="2" coveredmethods="0"/>
      <file name="cartSlice.js" path="D:\Placement_Jivika\projects\Namaste_React\src\utils\cartSlice.js">
        <metrics statements="4" coveredstatements="2" conditionals="0" coveredconditionals="0" methods="2" coveredmethods="0"/>
        <line num="2" count="1" type="stmt"/>
        <line num="8" count="0" type="stmt"/>
        <line num="11" count="0" type="stmt"/>
        <line num="16" count="1" type="stmt"/>
      </file>
      <file name="store.js" path="D:\Placement_Jivika\projects\Namaste_React\src\utils\store.js">
        <metrics statements="1" coveredstatements="1" conditionals="0" coveredconditionals="0" methods="0" coveredmethods="0"/>
        <line num="3" count="1" type="stmt"/>
      </file>
      <file name="userContext.js" path="D:\Placement_Jivika\projects\Namaste_React\src\utils\userContext.js">
        <metrics statements="2" coveredstatements="2" conditionals="0" coveredconditionals="0" methods="0" coveredmethods="0"/>
        <line num="2" count="1" type="stmt"/>
        <line num="4" count="1" type="stmt"/>
      </file>
    </package>
  </project>
</coverage>
