{"D:\\Placement_Jivika\\projects\\Namaste_React\\src\\components\\Constants_StaticData.js": {"path":"D:\\Placement_Jivika\\projects\\Namaste_React\\src\\components\\Constants_StaticData.js","statementMap":{"0":{"start":{"line":4,"column":2},"end":{"line":4,"column":93}},"1":{"start":{"line":6,"column":2},"end":{"line":6,"column":89}},"2":{"start":{"line":13,"column":2},"end":{"line":13,"column":92}},"3":{"start":{"line":17,"column":2},"end":{"line":17,"column":140}},"4":{"start":{"line":21,"column":2},"end":{"line":21,"column":174}},"5":{"start":{"line":24,"column":2},"end":{"line":24,"column":64}},"6":{"start":{"line":26,"column":2},"end":{"line":26,"column":62}},"7":{"start":{"line":51,"column":23},"end":{"line":1091,"column":3}}},"fnMap":{},"branchMap":{},"s":{"0":1,"1":1,"2":1,"3":1,"4":1,"5":1,"6":1,"7":1},"f":{},"b":{},"_coverageSchema":"1a1c01bbd47fc00a2c39e90264f33305004495a9","hash":"7588a1ccb7665efd25a1750b5a751eb18c48ca36"}
,"D:\\Placement_Jivika\\projects\\Namaste_React\\src\\components\\Contact.js": {"path":"D:\\Placement_Jivika\\projects\\Namaste_React\\src\\components\\Contact.js","statementMap":{"0":{"start":{"line":1,"column":14},"end":{"line":15,"column":1}},"1":{"start":{"line":2,"column":4},"end":{"line":14,"column":6}}},"fnMap":{"0":{"name":"(anonymous_0)","decl":{"start":{"line":1,"column":14},"end":{"line":1,"column":15}},"loc":{"start":{"line":1,"column":18},"end":{"line":15,"column":1}},"line":1}},"branchMap":{},"s":{"0":1,"1":2},"f":{"0":2},"b":{},"_coverageSchema":"1a1c01bbd47fc00a2c39e90264f33305004495a9","hash":"85813f1b37805d4022b164e6771af14fbdcc3fc3"}
,"D:\\Placement_Jivika\\projects\\Namaste_React\\src\\components\\Header.js": {"path":"D:\\Placement_Jivika\\projects\\Namaste_React\\src\\components\\Header.js","statementMap":{"0":{"start":{"line":6,"column":12},"end":{"line":29,"column":1}},"1":{"start":{"line":9,"column":17},"end":{"line":9,"column":40}},"2":{"start":{"line":10,"column":4},"end":{"line":28,"column":5}},"3":{"start":{"line":30,"column":29},"end":{"line":53,"column":1}},"4":{"start":{"line":32,"column":21},"end":{"line":32,"column":60}},"5":{"start":{"line":32,"column":43},"end":{"line":32,"column":59}},"6":{"start":{"line":35,"column":0},"end":{"line":52,"column":2}}},"fnMap":{"0":{"name":"(anonymous_0)","decl":{"start":{"line":6,"column":12},"end":{"line":6,"column":13}},"loc":{"start":{"line":7,"column":0},"end":{"line":29,"column":1}},"line":7},"1":{"name":"(anonymous_1)","decl":{"start":{"line":30,"column":29},"end":{"line":30,"column":30}},"loc":{"start":{"line":31,"column":0},"end":{"line":53,"column":1}},"line":31},"2":{"name":"(anonymous_2)","decl":{"start":{"line":32,"column":33},"end":{"line":32,"column":34}},"loc":{"start":{"line":32,"column":43},"end":{"line":32,"column":59}},"line":32}},"branchMap":{},"s":{"0":1,"1":2,"2":1,"3":1,"4":0,"5":0,"6":0},"f":{"0":2,"1":0,"2":0},"b":{},"_coverageSchema":"1a1c01bbd47fc00a2c39e90264f33305004495a9","hash":"013ddb9b03a43b77288aa8199a20ee6b43c6f3ee"}
,"D:\\Placement_Jivika\\projects\\Namaste_React\\src\\components\\RestaurantCard.js": {"path":"D:\\Placement_Jivika\\projects\\Namaste_React\\src\\components\\RestaurantCard.js","statementMap":{"0":{"start":{"line":3,"column":28},"end":{"line":49,"column":1}},"1":{"start":{"line":6,"column":0},"end":{"line":47,"column":6}}},"fnMap":{"0":{"name":"(anonymous_0)","decl":{"start":{"line":3,"column":28},"end":{"line":3,"column":29}},"loc":{"start":{"line":4,"column":0},"end":{"line":49,"column":1}},"line":4}},"branchMap":{},"s":{"0":1,"1":1},"f":{"0":1},"b":{},"_coverageSchema":"1a1c01bbd47fc00a2c39e90264f33305004495a9","hash":"20fe39336dd693949b5af756b3df4955085ab147"}
,"D:\\Placement_Jivika\\projects\\Namaste_React\\src\\components\\Sum.js": {"path":"D:\\Placement_Jivika\\projects\\Namaste_React\\src\\components\\Sum.js","statementMap":{"0":{"start":{"line":1,"column":17},"end":{"line":3,"column":1}},"1":{"start":{"line":2,"column":0},"end":{"line":2,"column":11}}},"fnMap":{"0":{"name":"(anonymous_0)","decl":{"start":{"line":1,"column":17},"end":{"line":1,"column":18}},"loc":{"start":{"line":1,"column":24},"end":{"line":3,"column":1}},"line":1}},"branchMap":{},"s":{"0":1,"1":1},"f":{"0":1},"b":{},"_coverageSchema":"1a1c01bbd47fc00a2c39e90264f33305004495a9","hash":"09f7e5bb7cdc4c70d4b17af0d55f3375e13ca6f5"}
,"D:\\Placement_Jivika\\projects\\Namaste_React\\src\\utils\\cartSlice.js": {"path":"D:\\Placement_Jivika\\projects\\Namaste_React\\src\\utils\\cartSlice.js","statementMap":{"0":{"start":{"line":2,"column":16},"end":{"line":15,"column":2}},"1":{"start":{"line":8,"column":12},"end":{"line":8,"column":45}},"2":{"start":{"line":11,"column":12},"end":{"line":11,"column":27}},"3":{"start":{"line":16,"column":33},"end":{"line":16,"column":50}}},"fnMap":{"0":{"name":"(anonymous_0)","decl":{"start":{"line":7,"column":16},"end":{"line":7,"column":17}},"loc":{"start":{"line":7,"column":32},"end":{"line":9,"column":9}},"line":7},"1":{"name":"(anonymous_1)","decl":{"start":{"line":10,"column":18},"end":{"line":10,"column":19}},"loc":{"start":{"line":10,"column":27},"end":{"line":12,"column":9}},"line":10}},"branchMap":{},"s":{"0":1,"1":0,"2":0,"3":1},"f":{"0":0,"1":0},"b":{},"_coverageSchema":"1a1c01bbd47fc00a2c39e90264f33305004495a9","hash":"86f27928d10d96cc2d4670b1cb478cb65284895c"}
,"D:\\Placement_Jivika\\projects\\Namaste_React\\src\\utils\\store.js": {"path":"D:\\Placement_Jivika\\projects\\Namaste_React\\src\\utils\\store.js","statementMap":{"0":{"start":{"line":3,"column":12},"end":{"line":5,"column":2}}},"fnMap":{},"branchMap":{},"s":{"0":1},"f":{},"b":{},"_coverageSchema":"1a1c01bbd47fc00a2c39e90264f33305004495a9","hash":"a5812156eb1758ee18c8effc5c523b1ba74efd8e"}
,"D:\\Placement_Jivika\\projects\\Namaste_React\\src\\utils\\userContext.js": {"path":"D:\\Placement_Jivika\\projects\\Namaste_React\\src\\utils\\userContext.js","statementMap":{"0":{"start":{"line":2,"column":18},"end":{"line":2,"column":97}},"1":{"start":{"line":4,"column":0},"end":{"line":4,"column":38}}},"fnMap":{},"branchMap":{},"s":{"0":1,"1":1},"f":{},"b":{},"_coverageSchema":"1a1c01bbd47fc00a2c39e90264f33305004495a9","hash":"75b4d185ffa5f19c4dd8d9c8761142e3b157fa96"}
}
